{"C:\\Users\\matth\\Documents\\GitHub\\hw5-haretian\\webapp\\src\\features\\content\\contentSlice.tsx": {"path":"C:\\Users\\matth\\Documents\\GitHub\\hw5-haretian\\webapp\\src\\features\\content\\contentSlice.tsx","statementMap":{"0":{"start":{"line":3,"column":18},"end":{"line":12,"column":null}},"1":{"start":{"line":4,"column":4},"end":{"line":11,"column":null}},"2":{"start":{"line":5,"column":8},"end":{"line":10,"column":null}},"3":{"start":{"line":6,"column":12},"end":{"line":6,"column":null}},"4":{"start":{"line":6,"column":19},"end":{"line":10,"column":null}},"5":{"start":{"line":8,"column":12},"end":{"line":8,"column":null}},"6":{"start":{"line":10,"column":12},"end":{"line":10,"column":null}},"7":{"start":{"line":14,"column":13},"end":{"line":67,"column":null}},"8":{"start":{"line":23,"column":12},"end":{"line":23,"column":null}},"9":{"start":{"line":24,"column":12},"end":{"line":24,"column":null}},"10":{"start":{"line":29,"column":12},"end":{"line":32,"column":null}},"11":{"start":{"line":30,"column":16},"end":{"line":31,"column":null}},"12":{"start":{"line":30,"column":63},"end":{"line":30,"column":90}},"13":{"start":{"line":31,"column":20},"end":{"line":31,"column":null}},"14":{"start":{"line":35,"column":12},"end":{"line":35,"column":null}},"15":{"start":{"line":40,"column":12},"end":{"line":42,"column":null}},"16":{"start":{"line":40,"column":54},"end":{"line":40,"column":100}},"17":{"start":{"line":41,"column":16},"end":{"line":41,"column":null}},"18":{"start":{"line":43,"column":12},"end":{"line":43,"column":null}},"19":{"start":{"line":44,"column":12},"end":{"line":44,"column":null}},"20":{"start":{"line":45,"column":12},"end":{"line":45,"column":null}},"21":{"start":{"line":49,"column":12},"end":{"line":51,"column":null}},"22":{"start":{"line":50,"column":16},"end":{"line":50,"column":null}},"23":{"start":{"line":54,"column":12},"end":{"line":56,"column":null}},"24":{"start":{"line":55,"column":16},"end":{"line":55,"column":null}},"25":{"start":{"line":57,"column":12},"end":{"line":57,"column":null}},"26":{"start":{"line":61,"column":12},"end":{"line":64,"column":null}},"27":{"start":{"line":62,"column":16},"end":{"line":63,"column":null}},"28":{"start":{"line":75,"column":4},"end":{"line":75,"column":null}}},"fnMap":{"0":{"name":"(anonymous_0)","decl":{"start":{"line":3,"column":18},"end":{"line":3,"column":19}},"loc":{"start":{"line":3,"column":34},"end":{"line":12,"column":null}},"line":3},"1":{"name":"(anonymous_1)","decl":{"start":{"line":4,"column":22},"end":{"line":4,"column":23}},"loc":{"start":{"line":4,"column":42},"end":{"line":11,"column":5}},"line":4},"2":{"name":"(anonymous_2)","decl":{"start":{"line":22,"column":17},"end":{"line":22,"column":18}},"loc":{"start":{"line":22,"column":41},"end":{"line":25,"column":null}},"line":22},"3":{"name":"(anonymous_3)","decl":{"start":{"line":27,"column":18},"end":{"line":27,"column":19}},"loc":{"start":{"line":27,"column":42},"end":{"line":36,"column":null}},"line":27},"4":{"name":"(anonymous_4)","decl":{"start":{"line":29,"column":41},"end":{"line":29,"column":42}},"loc":{"start":{"line":29,"column":56},"end":{"line":32,"column":13}},"line":29},"5":{"name":"(anonymous_5)","decl":{"start":{"line":30,"column":46},"end":{"line":30,"column":47}},"loc":{"start":{"line":30,"column":61},"end":{"line":30,"column":91}},"line":30},"6":{"name":"(anonymous_6)","decl":{"start":{"line":38,"column":21},"end":{"line":38,"column":22}},"loc":{"start":{"line":38,"column":45},"end":{"line":46,"column":null}},"line":38},"7":{"name":"(anonymous_7)","decl":{"start":{"line":40,"column":37},"end":{"line":40,"column":38}},"loc":{"start":{"line":40,"column":52},"end":{"line":40,"column":101}},"line":40},"8":{"name":"(anonymous_8)","decl":{"start":{"line":48,"column":24},"end":{"line":48,"column":25}},"loc":{"start":{"line":48,"column":48},"end":{"line":58,"column":null}},"line":48},"9":{"name":"(anonymous_9)","decl":{"start":{"line":49,"column":53},"end":{"line":49,"column":54}},"loc":{"start":{"line":49,"column":72},"end":{"line":51,"column":13}},"line":49},"10":{"name":"(anonymous_10)","decl":{"start":{"line":54,"column":61},"end":{"line":54,"column":62}},"loc":{"start":{"line":54,"column":76},"end":{"line":56,"column":13}},"line":54},"11":{"name":"(anonymous_11)","decl":{"start":{"line":60,"column":21},"end":{"line":60,"column":22}},"loc":{"start":{"line":60,"column":45},"end":{"line":65,"column":null}},"line":60},"12":{"name":"(anonymous_12)","decl":{"start":{"line":61,"column":53},"end":{"line":61,"column":54}},"loc":{"start":{"line":61,"column":68},"end":{"line":64,"column":13}},"line":61}},"branchMap":{"0":{"loc":{"start":{"line":5,"column":8},"end":{"line":10,"column":null}},"type":"if","locations":[{"start":{"line":5,"column":8},"end":{"line":10,"column":null}},{"start":{"line":6,"column":19},"end":{"line":10,"column":null}}],"line":5},"1":{"loc":{"start":{"line":6,"column":19},"end":{"line":10,"column":null}},"type":"if","locations":[{"start":{"line":6,"column":19},"end":{"line":10,"column":null}},{"start":{"line":10,"column":12},"end":{"line":10,"column":null}}],"line":6},"2":{"loc":{"start":{"line":30,"column":16},"end":{"line":31,"column":null}},"type":"if","locations":[{"start":{"line":30,"column":16},"end":{"line":31,"column":null}},{"start":{},"end":{}}],"line":30},"3":{"loc":{"start":{"line":40,"column":12},"end":{"line":42,"column":null}},"type":"if","locations":[{"start":{"line":40,"column":12},"end":{"line":42,"column":null}},{"start":{},"end":{}}],"line":40},"4":{"loc":{"start":{"line":62,"column":23},"end":{"line":63,"column":null}},"type":"binary-expr","locations":[{"start":{"line":62,"column":23},"end":{"line":62,"column":null}},{"start":{"line":63,"column":23},"end":{"line":63,"column":null}}],"line":62}},"s":{"0":1,"1":9,"2":101,"3":0,"4":101,"5":101,"6":0,"7":1,"8":1,"9":1,"10":5,"11":50,"12":225,"13":50,"14":5,"15":2,"16":0,"17":0,"18":2,"19":2,"20":2,"21":1,"22":1,"23":1,"24":20,"25":1,"26":1,"27":10,"28":1},"f":{"0":9,"1":101,"2":1,"3":5,"4":50,"5":225,"6":2,"7":0,"8":1,"9":1,"10":20,"11":1,"12":10},"b":{"0":[0,101],"1":[101,0],"2":[50,0],"3":[0,2],"4":[10,7]},"meta":{"lastBranch":5,"lastFunction":13,"lastStatement":29,"seen":{"s:3:18:12:Infinity":0,"f:3:18:3:19":0,"s:4:4:11:Infinity":1,"f:4:22:4:23":1,"b:5:8:10:Infinity:6:19:10:Infinity":0,"s:5:8:10:Infinity":2,"s:6:12:6:Infinity":3,"b:6:19:10:Infinity:10:12:10:Infinity":1,"s:6:19:10:Infinity":4,"s:8:12:8:Infinity":5,"s:10:12:10:Infinity":6,"s:14:13:67:Infinity":7,"f:22:17:22:18":2,"s:23:12:23:Infinity":8,"s:24:12:24:Infinity":9,"f:27:18:27:19":3,"s:29:12:32:Infinity":10,"f:29:41:29:42":4,"b:30:16:31:Infinity:undefined:undefined:undefined:undefined":2,"s:30:16:31:Infinity":11,"f:30:46:30:47":5,"s:30:63:30:90":12,"s:31:20:31:Infinity":13,"s:35:12:35:Infinity":14,"f:38:21:38:22":6,"b:40:12:42:Infinity:undefined:undefined:undefined:undefined":3,"s:40:12:42:Infinity":15,"f:40:37:40:38":7,"s:40:54:40:100":16,"s:41:16:41:Infinity":17,"s:43:12:43:Infinity":18,"s:44:12:44:Infinity":19,"s:45:12:45:Infinity":20,"f:48:24:48:25":8,"s:49:12:51:Infinity":21,"f:49:53:49:54":9,"s:50:16:50:Infinity":22,"s:54:12:56:Infinity":23,"f:54:61:54:62":10,"s:55:16:55:Infinity":24,"s:57:12:57:Infinity":25,"f:60:21:60:22":11,"s:61:12:64:Infinity":26,"f:61:53:61:54":12,"s:62:16:63:Infinity":27,"b:62:23:62:Infinity:63:23:63:Infinity":4,"s:75:4:75:Infinity":28}}}
,"C:\\Users\\matth\\Documents\\GitHub\\hw5-haretian\\webapp\\src\\features\\user\\userSlice.tsx": {"path":"C:\\Users\\matth\\Documents\\GitHub\\hw5-haretian\\webapp\\src\\features\\user\\userSlice.tsx","statementMap":{"0":{"start":{"line":3,"column":13},"end":{"line":98,"column":null}},"1":{"start":{"line":29,"column":12},"end":{"line":32,"column":null}},"2":{"start":{"line":30,"column":16},"end":{"line":30,"column":null}},"3":{"start":{"line":31,"column":16},"end":{"line":31,"column":null}},"4":{"start":{"line":35,"column":23},"end":{"line":35,"column":null}},"5":{"start":{"line":36,"column":12},"end":{"line":39,"column":null}},"6":{"start":{"line":37,"column":16},"end":{"line":37,"column":null}},"7":{"start":{"line":38,"column":16},"end":{"line":38,"column":null}},"8":{"start":{"line":42,"column":12},"end":{"line":42,"column":null}},"9":{"start":{"line":43,"column":12},"end":{"line":43,"column":null}},"10":{"start":{"line":44,"column":12},"end":{"line":44,"column":null}},"11":{"start":{"line":45,"column":12},"end":{"line":45,"column":null}},"12":{"start":{"line":46,"column":12},"end":{"line":46,"column":null}},"13":{"start":{"line":47,"column":12},"end":{"line":47,"column":null}},"14":{"start":{"line":48,"column":12},"end":{"line":48,"column":null}},"15":{"start":{"line":49,"column":12},"end":{"line":49,"column":null}},"16":{"start":{"line":53,"column":12},"end":{"line":53,"column":null}},"17":{"start":{"line":57,"column":12},"end":{"line":57,"column":null}},"18":{"start":{"line":58,"column":12},"end":{"line":58,"column":null}},"19":{"start":{"line":59,"column":12},"end":{"line":62,"column":null}},"20":{"start":{"line":60,"column":16},"end":{"line":60,"column":null}},"21":{"start":{"line":62,"column":16},"end":{"line":62,"column":null}},"22":{"start":{"line":63,"column":12},"end":{"line":63,"column":null}},"23":{"start":{"line":64,"column":12},"end":{"line":64,"column":null}},"24":{"start":{"line":65,"column":12},"end":{"line":65,"column":null}},"25":{"start":{"line":66,"column":12},"end":{"line":66,"column":null}},"26":{"start":{"line":72,"column":12},"end":{"line":72,"column":null}},"27":{"start":{"line":73,"column":12},"end":{"line":73,"column":null}},"28":{"start":{"line":74,"column":12},"end":{"line":74,"column":null}},"29":{"start":{"line":82,"column":12},"end":{"line":82,"column":null}},"30":{"start":{"line":86,"column":12},"end":{"line":87,"column":null}},"31":{"start":{"line":87,"column":16},"end":{"line":87,"column":null}},"32":{"start":{"line":88,"column":12},"end":{"line":89,"column":null}},"33":{"start":{"line":89,"column":16},"end":{"line":89,"column":null}},"34":{"start":{"line":90,"column":12},"end":{"line":91,"column":null}},"35":{"start":{"line":91,"column":16},"end":{"line":91,"column":null}},"36":{"start":{"line":92,"column":12},"end":{"line":93,"column":null}},"37":{"start":{"line":93,"column":16},"end":{"line":93,"column":null}},"38":{"start":{"line":94,"column":12},"end":{"line":95,"column":null}},"39":{"start":{"line":95,"column":16},"end":{"line":95,"column":null}},"40":{"start":{"line":109,"column":4},"end":{"line":109,"column":null}}},"fnMap":{"0":{"name":"(anonymous_0)","decl":{"start":{"line":27,"column":19},"end":{"line":27,"column":20}},"loc":{"start":{"line":27,"column":43},"end":{"line":50,"column":null}},"line":27},"1":{"name":"(anonymous_1)","decl":{"start":{"line":52,"column":25},"end":{"line":52,"column":26}},"loc":{"start":{"line":52,"column":41},"end":{"line":54,"column":null}},"line":52},"2":{"name":"(anonymous_2)","decl":{"start":{"line":56,"column":22},"end":{"line":56,"column":23}},"loc":{"start":{"line":56,"column":46},"end":{"line":69,"column":null}},"line":56},"3":{"name":"(anonymous_3)","decl":{"start":{"line":71,"column":20},"end":{"line":71,"column":21}},"loc":{"start":{"line":71,"column":36},"end":{"line":75,"column":null}},"line":71},"4":{"name":"(anonymous_4)","decl":{"start":{"line":81,"column":22},"end":{"line":81,"column":23}},"loc":{"start":{"line":81,"column":46},"end":{"line":83,"column":null}},"line":81},"5":{"name":"(anonymous_5)","decl":{"start":{"line":85,"column":27},"end":{"line":85,"column":28}},"loc":{"start":{"line":85,"column":51},"end":{"line":96,"column":null}},"line":85}},"branchMap":{"0":{"loc":{"start":{"line":29,"column":12},"end":{"line":32,"column":null}},"type":"if","locations":[{"start":{"line":29,"column":12},"end":{"line":32,"column":null}},{"start":{},"end":{}}],"line":29},"1":{"loc":{"start":{"line":36,"column":12},"end":{"line":39,"column":null}},"type":"if","locations":[{"start":{"line":36,"column":12},"end":{"line":39,"column":null}},{"start":{},"end":{}}],"line":36},"2":{"loc":{"start":{"line":59,"column":12},"end":{"line":62,"column":null}},"type":"if","locations":[{"start":{"line":59,"column":12},"end":{"line":62,"column":null}},{"start":{"line":62,"column":16},"end":{"line":62,"column":null}}],"line":59},"3":{"loc":{"start":{"line":86,"column":12},"end":{"line":87,"column":null}},"type":"if","locations":[{"start":{"line":86,"column":12},"end":{"line":87,"column":null}},{"start":{},"end":{}}],"line":86},"4":{"loc":{"start":{"line":88,"column":12},"end":{"line":89,"column":null}},"type":"if","locations":[{"start":{"line":88,"column":12},"end":{"line":89,"column":null}},{"start":{},"end":{}}],"line":88},"5":{"loc":{"start":{"line":90,"column":12},"end":{"line":91,"column":null}},"type":"if","locations":[{"start":{"line":90,"column":12},"end":{"line":91,"column":null}},{"start":{},"end":{}}],"line":90},"6":{"loc":{"start":{"line":92,"column":12},"end":{"line":93,"column":null}},"type":"if","locations":[{"start":{"line":92,"column":12},"end":{"line":93,"column":null}},{"start":{},"end":{}}],"line":92},"7":{"loc":{"start":{"line":94,"column":12},"end":{"line":95,"column":null}},"type":"if","locations":[{"start":{"line":94,"column":12},"end":{"line":95,"column":null}},{"start":{},"end":{}}],"line":94}},"s":{"0":2,"1":6,"2":1,"3":1,"4":5,"5":5,"6":1,"7":1,"8":4,"9":4,"10":4,"11":4,"12":4,"13":4,"14":4,"15":4,"16":0,"17":1,"18":1,"19":1,"20":1,"21":0,"22":1,"23":1,"24":1,"25":1,"26":1,"27":1,"28":1,"29":0,"30":1,"31":1,"32":1,"33":1,"34":1,"35":1,"36":1,"37":1,"38":1,"39":1,"40":2},"f":{"0":6,"1":0,"2":1,"3":1,"4":0,"5":1},"b":{"0":[1,5],"1":[1,4],"2":[1,0],"3":[1,0],"4":[1,0],"5":[1,0],"6":[1,0],"7":[1,0]},"meta":{"lastBranch":8,"lastFunction":6,"lastStatement":41,"seen":{"s:3:13:98:Infinity":0,"f:27:19:27:20":0,"b:29:12:32:Infinity:undefined:undefined:undefined:undefined":0,"s:29:12:32:Infinity":1,"s:30:16:30:Infinity":2,"s:31:16:31:Infinity":3,"s:35:23:35:Infinity":4,"b:36:12:39:Infinity:undefined:undefined:undefined:undefined":1,"s:36:12:39:Infinity":5,"s:37:16:37:Infinity":6,"s:38:16:38:Infinity":7,"s:42:12:42:Infinity":8,"s:43:12:43:Infinity":9,"s:44:12:44:Infinity":10,"s:45:12:45:Infinity":11,"s:46:12:46:Infinity":12,"s:47:12:47:Infinity":13,"s:48:12:48:Infinity":14,"s:49:12:49:Infinity":15,"f:52:25:52:26":1,"s:53:12:53:Infinity":16,"f:56:22:56:23":2,"s:57:12:57:Infinity":17,"s:58:12:58:Infinity":18,"b:59:12:62:Infinity:62:16:62:Infinity":2,"s:59:12:62:Infinity":19,"s:60:16:60:Infinity":20,"s:62:16:62:Infinity":21,"s:63:12:63:Infinity":22,"s:64:12:64:Infinity":23,"s:65:12:65:Infinity":24,"s:66:12:66:Infinity":25,"f:71:20:71:21":3,"s:72:12:72:Infinity":26,"s:73:12:73:Infinity":27,"s:74:12:74:Infinity":28,"f:81:22:81:23":4,"s:82:12:82:Infinity":29,"f:85:27:85:28":5,"b:86:12:87:Infinity:undefined:undefined:undefined:undefined":3,"s:86:12:87:Infinity":30,"s:87:16:87:Infinity":31,"b:88:12:89:Infinity:undefined:undefined:undefined:undefined":4,"s:88:12:89:Infinity":32,"s:89:16:89:Infinity":33,"b:90:12:91:Infinity:undefined:undefined:undefined:undefined":5,"s:90:12:91:Infinity":34,"s:91:16:91:Infinity":35,"b:92:12:93:Infinity:undefined:undefined:undefined:undefined":6,"s:92:12:93:Infinity":36,"s:93:16:93:Infinity":37,"b:94:12:95:Infinity:undefined:undefined:undefined:undefined":7,"s:94:12:95:Infinity":38,"s:95:16:95:Infinity":39,"s:109:4:109:Infinity":40}}}
}
